<?xml version="1.0" encoding="UTF-8"?>
<!-- Generated by org.testng.reporters.JUnitReportReporter -->
<testsuite hostname="MT-NVW196QVC7" failures="0" tests="6" name="tests.GetAndPostExamples" time="12.692" errors="0" timestamp="2024-03-22T21:09:22 PKT" skipped="0">
  <testcase classname="tests.GetAndPostExamples" name="get_1" time="2.200"/>
  <testcase classname="tests.GetAndPostExamples" name="get_3" time="2.172"/>
  <testcase classname="tests.GetAndPostExamples" name="delete" time="2.594"/>
  <testcase classname="tests.GetAndPostExamples" name="patch" time="3.305"/>
  <testcase classname="tests.GetAndPostExamples" name="get_2" time="1.443"/>
  <testcase classname="tests.GetAndPostExamples" name="put" time="0.978"/>
</testsuite> <!-- tests.GetAndPostExamples -->
