<?xml version="1.0" encoding="UTF-8"?>
<!-- Generated by org.testng.reporters.JUnitReportReporter -->
<testsuite hostname="MT-NVW196QVC7" failures="0" tests="4" name="tests.TestsOnLocalAPI" time="0.539" errors="0" timestamp="2024-03-22T21:23:44 PKT" skipped="0">
  <testcase classname="tests.TestsOnLocalAPI" name="post" time="0.012"/>
  <testcase classname="tests.TestsOnLocalAPI" name="get" time="0.501"/>
  <testcase classname="tests.TestsOnLocalAPI" name="patch" time="0.015"/>
  <testcase classname="tests.TestsOnLocalAPI" name="put" time="0.011"/>
</testsuite> <!-- tests.TestsOnLocalAPI -->
