<?xml version="1.0" encoding="UTF-8"?>
<!-- Generated by org.testng.reporters.JUnitReportReporter -->
<testsuite hostname="MT-NVW196QVC7" failures="0" tests="2" name="tests.TestsExamples" time="2.994" errors="0" timestamp="2024-03-22T20:55:29 PKT" skipped="0">
  <testcase classname="tests.TestsExamples" name="test_1" time="1.858"/>
  <testcase classname="tests.TestsExamples" name="test_2" time="1.136"/>
</testsuite> <!-- tests.TestsExamples -->
